This file contains any messages produced by compilers while
running configure, to aid debugging if configure makes a mistake.

It was created by dvr configure 0.1, which was
generated by GNU Autoconf 2.61.  Invocation command line was

  $ ./configure --host=arm-hismall-linux

## --------- ##
## Platform. ##
## --------- ##

hostname = localhost.localdomain
uname -m = i686
uname -r = 2.6.25-14.fc9.i686
uname -s = Linux
uname -v = #1 SMP Thu May 1 06:28:41 EDT 2008

/usr/bin/uname -p = unknown
/bin/uname -X     = unknown

/bin/arch              = i686
/usr/bin/arch -k       = unknown
/usr/convex/getsysinfo = unknown
/usr/bin/hostinfo      = unknown
/bin/machine           = unknown
/usr/bin/oslevel       = unknown
/bin/universe          = unknown

PATH: /opt/hisi-linux/x86-arm/gcc-3.4.3-uClibc-0.9.28/usr/bin/arm-hismall-linux-gcc/bin
PATH: /opt/hisi-linux/x86-arm/gcc-3.4.3-uClibc-0.9.28/usr/bin
PATH: /usr/lib/qt-3.3/bin
PATH: /usr/kerberos/sbin
PATH: /usr/kerberos/bin
PATH: /usr/lib/ccache
PATH: /usr/local/sbin
PATH: /usr/local/bin
PATH: /sbin
PATH: /bin
PATH: /usr/sbin
PATH: /usr/bin
PATH: /root/bin


## ----------- ##
## Core tests. ##
## ----------- ##

configure:1736: checking for a BSD-compatible install
configure:1792: result: /usr/bin/install -c
configure:1803: checking whether build environment is sane
configure:1846: result: yes
configure:1874: checking for a thread-safe mkdir -p
configure:1913: result: /bin/mkdir -p
configure:1926: checking for gawk
configure:1942: found /bin/gawk
configure:1953: result: gawk
configure:1964: checking whether make sets $(MAKE)
configure:1985: result: yes
configure:2065: checking for arm-hismall-linux-strip
configure:2081: found /opt/hisi-linux/x86-arm/gcc-3.4.3-uClibc-0.9.28/usr/bin/arm-hismall-linux-strip
configure:2092: result: arm-hismall-linux-strip
configure:2184: checking for arm-hismall-linux-gcc
configure:2200: found /opt/hisi-linux/x86-arm/gcc-3.4.3-uClibc-0.9.28/usr/bin/arm-hismall-linux-gcc
configure:2211: result: arm-hismall-linux-gcc
configure:2489: checking for C compiler version
configure:2496: arm-hismall-linux-gcc --version >&5
arm-hismall-linux-gcc (GCC) 3.4.3 (release) (CodeSourcery ARM Q3cvs 2004)
Copyright (C) 2004 Free Software Foundation, Inc.
This is free software; see the source for copying conditions.  There is NO
warranty; not even for MERCHANTABILITY or FITNESS FOR A PARTICULAR PURPOSE.

configure:2499: $? = 0
configure:2506: arm-hismall-linux-gcc -v >&5
Reading specs from /opt/hisi-linux/x86-arm/gcc-3.4.3-uClibc-0.9.28/bin/../lib/gcc/arm-hisi-linux/3.4.3/specs
Configured with: ../gcc-arm/configure --target=arm-hisi-linux --host=i686-pc-linux-gnu --with-local-prefix=/opt/hisi-linux/x86-arm/gcc-3.4.3-uClibc-0.9.28/ --with-sysroot=/opt/hisi-linux/x86-arm/gcc-3.4.3-uClibc-0.9.28/ --enable-threads=posix --enable-symvers=gnu --disable-__cxa_atexit --enable-languages=c,c++ --enable-shared --enable-c99 --enable-long-long --prefix=/opt/hisi-linux/x86-arm/gcc-3.4.3-uClibc-0.9.28/ --with-float=soft --enable-multilib --with-softfloat-supp
Thread model: posix
gcc version 3.4.3 (release) (CodeSourcery ARM Q3cvs 2004)
configure:2509: $? = 0
configure:2516: arm-hismall-linux-gcc -V >&5
arm-hismall-linux-gcc: `-V' option must have argument
configure:2519: $? = 1
configure:2542: checking for C compiler default output file name
configure:2569: arm-hismall-linux-gcc    conftest.c  >&5
configure:2572: $? = 0
configure:2610: result: a.out
configure:2627: checking whether the C compiler works
configure:2637: ./a.out
./configure: line 2638: ./a.out: cannot execute binary file
configure:2640: $? = 126
configure:2657: result: yes
configure:2664: checking whether we are cross compiling
configure:2666: result: yes
configure:2669: checking for suffix of executables
configure:2676: arm-hismall-linux-gcc -o conftest    conftest.c  >&5
configure:2679: $? = 0
configure:2703: result: 
configure:2709: checking for suffix of object files
configure:2735: arm-hismall-linux-gcc -c   conftest.c >&5
configure:2738: $? = 0
configure:2761: result: o
configure:2765: checking whether we are using the GNU C compiler
configure:2794: arm-hismall-linux-gcc -c   conftest.c >&5
configure:2800: $? = 0
configure:2817: result: yes
configure:2822: checking whether arm-hismall-linux-gcc accepts -g
configure:2852: arm-hismall-linux-gcc -c -g  conftest.c >&5
configure:2858: $? = 0
configure:2957: result: yes
configure:2974: checking for arm-hismall-linux-gcc option to accept ISO C89
configure:3048: arm-hismall-linux-gcc  -c -g -O2  conftest.c >&5
configure:3054: $? = 0
configure:3077: result: none needed
configure:3106: checking for style of include used by make
configure:3134: result: GNU
configure:3159: checking dependency style of arm-hismall-linux-gcc
configure:3250: result: gcc3
configure:3270: checking for arm-hismall-linux-ranlib
configure:3286: found /opt/hisi-linux/x86-arm/gcc-3.4.3-uClibc-0.9.28/usr/bin/arm-hismall-linux-ranlib
configure:3297: result: arm-hismall-linux-ranlib
configure:3486: creating ./config.status

## ---------------------- ##
## Running config.status. ##
## ---------------------- ##

This file was extended by dvr config.status 0.1, which was
generated by GNU Autoconf 2.61.  Invocation command line was

  CONFIG_FILES    = 
  CONFIG_HEADERS  = 
  CONFIG_LINKS    = 
  CONFIG_COMMANDS = 
  $ ./config.status 

on localhost.localdomain

config.status:637: creating Makefile
config.status:637: creating src/Makefile
config.status:637: creating src/cores/Makefile
config.status:637: creating src/cores/test/Makefile
config.status:637: creating src/public/Makefile
config.status:637: creating config.h
config.status:853: config.h is unchanged
config.status:900: executing depfiles commands

## ---------------- ##
## Cache variables. ##
## ---------------- ##

ac_cv_c_compiler_gnu=yes
ac_cv_env_CC_set=
ac_cv_env_CC_value=
ac_cv_env_CFLAGS_set=
ac_cv_env_CFLAGS_value=
ac_cv_env_CPPFLAGS_set=
ac_cv_env_CPPFLAGS_value=
ac_cv_env_LDFLAGS_set=
ac_cv_env_LDFLAGS_value=
ac_cv_env_LIBS_set=
ac_cv_env_LIBS_value=
ac_cv_env_build_alias_set=
ac_cv_env_build_alias_value=
ac_cv_env_host_alias_set=set
ac_cv_env_host_alias_value=arm-hismall-linux
ac_cv_env_target_alias_set=
ac_cv_env_target_alias_value=
ac_cv_objext=o
ac_cv_path_install='/usr/bin/install -c'
ac_cv_path_mkdir=/bin/mkdir
ac_cv_prog_AWK=gawk
ac_cv_prog_CC=arm-hismall-linux-gcc
ac_cv_prog_RANLIB=arm-hismall-linux-ranlib
ac_cv_prog_STRIP=arm-hismall-linux-strip
ac_cv_prog_cc_c89=
ac_cv_prog_cc_g=yes
ac_cv_prog_make_make_set=yes
am_cv_CC_dependencies_compiler_type=gcc3

## ----------------- ##
## Output variables. ##
## ----------------- ##

ACLOCAL='${SHELL} /home/zhoumin/luho/project/dvr/missing --run aclocal-1.10'
AMDEPBACKSLASH='\'
AMDEP_FALSE='#'
AMDEP_TRUE=''
AMTAR='${SHELL} /home/zhoumin/luho/project/dvr/missing --run tar'
AUTOCONF='${SHELL} /home/zhoumin/luho/project/dvr/missing --run autoconf'
AUTOHEADER='${SHELL} /home/zhoumin/luho/project/dvr/missing --run autoheader'
AUTOMAKE='${SHELL} /home/zhoumin/luho/project/dvr/missing --run automake-1.10'
AWK='gawk'
CC='arm-hismall-linux-gcc'
CCDEPMODE='depmode=gcc3'
CFLAGS='-g -O2'
CPPFLAGS=''
CYGPATH_W='echo'
DEFS='-DHAVE_CONFIG_H'
DEPDIR='.deps'
ECHO_C=''
ECHO_N='-n'
ECHO_T=''
EXEEXT=''
INSTALL_DATA='${INSTALL} -m 644'
INSTALL_PROGRAM='${INSTALL}'
INSTALL_SCRIPT='${INSTALL}'
INSTALL_STRIP_PROGRAM='$(install_sh) -c -s'
LDFLAGS=''
LIBOBJS=''
LIBS=''
LTLIBOBJS=''
MAKEINFO='${SHELL} /home/zhoumin/luho/project/dvr/missing --run makeinfo'
OBJEXT='o'
PACKAGE='dvr'
PACKAGE_BUGREPORT='dcdcmin@gmail.com'
PACKAGE_NAME='dvr'
PACKAGE_STRING='dvr 0.1'
PACKAGE_TARNAME='dvr'
PACKAGE_VERSION='0.1'
PATH_SEPARATOR=':'
RANLIB='arm-hismall-linux-ranlib'
SET_MAKE=''
SHELL='/bin/sh'
STRIP='arm-hismall-linux-strip'
VERSION='1.0'
ac_ct_CC=''
am__fastdepCC_FALSE='#'
am__fastdepCC_TRUE=''
am__include='include'
am__isrc=''
am__leading_dot='.'
am__quote=''
am__tar='${AMTAR} chof - "$$tardir"'
am__untar='${AMTAR} xf -'
bindir='${exec_prefix}/bin'
build_alias=''
datadir='${datarootdir}'
datarootdir='${prefix}/share'
docdir='${datarootdir}/doc/${PACKAGE_TARNAME}'
dvidir='${docdir}'
exec_prefix='${prefix}'
host_alias='arm-hismall-linux'
htmldir='${docdir}'
includedir='${prefix}/include'
infodir='${datarootdir}/info'
install_sh='$(SHELL) /home/zhoumin/luho/project/dvr/install-sh'
libdir='${exec_prefix}/lib'
libexecdir='${exec_prefix}/libexec'
localedir='${datarootdir}/locale'
localstatedir='${prefix}/var'
mandir='${datarootdir}/man'
mkdir_p='/bin/mkdir -p'
oldincludedir='/usr/include'
pdfdir='${docdir}'
prefix='/usr/local'
program_transform_name='s,x,x,'
psdir='${docdir}'
sbindir='${exec_prefix}/sbin'
sharedstatedir='${prefix}/com'
sysconfdir='${prefix}/etc'
target_alias=''

## ----------- ##
## confdefs.h. ##
## ----------- ##

#define PACKAGE_NAME "dvr"
#define PACKAGE_TARNAME "dvr"
#define PACKAGE_VERSION "0.1"
#define PACKAGE_STRING "dvr 0.1"
#define PACKAGE_BUGREPORT "dcdcmin@gmail.com"
#define PACKAGE "dvr"
#define VERSION "1.0"

configure: exit 0

## ---------------------- ##
## Running config.status. ##
## ---------------------- ##

This file was extended by dvr config.status 0.1, which was
generated by GNU Autoconf 2.61.  Invocation command line was

  CONFIG_FILES    = 
  CONFIG_HEADERS  = 
  CONFIG_LINKS    = 
  CONFIG_COMMANDS = 
  $ ./config.status src/cores/Makefile depfiles

on localhost.localdomain

config.status:637: creating src/cores/Makefile
config.status:900: executing depfiles commands

## ---------------------- ##
## Running config.status. ##
## ---------------------- ##

This file was extended by dvr config.status 0.1, which was
generated by GNU Autoconf 2.61.  Invocation command line was

  CONFIG_FILES    = 
  CONFIG_HEADERS  = 
  CONFIG_LINKS    = 
  CONFIG_COMMANDS = 
  $ ./config.status src/cores/Makefile depfiles

on localhost.localdomain

config.status:637: creating src/cores/Makefile
config.status:900: executing depfiles commands
